2025-05-11 20:06:10,280 - INFO - Starting IPC Section Scraper
2025-05-11 20:06:12,745 - INFO - Scraping Section 1: https://devgan.in/ipc/section/1/
2025-05-11 20:06:20,794 - INFO - Section 1: Page structure: <!--//pagecontentopen end--><!--//search start--><div id="search"><form name="fo1" id="fo1" method="get" action="/ipc/index.php"><table class="search"><tbody><tr><td><input type="search" spellcheck="t...
2025-05-11 20:06:20,798 - INFO - Section 1: Provision text: No provision text found...
2025-05-11 20:06:20,801 - INFO - Section 1: Explanations: IPCChapter IS. 1 Title and extent of operation of ...
2025-05-11 20:06:20,803 - INFO - Section 1: Case laws: None...
2025-05-11 20:06:20,805 - INFO - Section 1: Related sections: 1Indian
2025-05-11 20:06:20,809 - INFO - Section 1: Found 2 links: ['https://devgan.in/ipc/chapter_01.php#s1', 'https://devgan.in/ipc/chapter_01.php#s1']
2025-05-11 20:06:20,809 - INFO - Scraping link for Section 1: https://devgan.in/ipc/chapter_01.php#s1
2025-05-11 20:06:27,212 - INFO - Section 1: Scraped link https://devgan.in/ipc/chapter_01.php#s1: WHEREAS it is expedient to provide a general Penal...
2025-05-11 20:06:34,092 - INFO - Scraping link for Section 1: https://devgan.in/ipc/chapter_01.php#s1
2025-05-11 20:06:41,010 - INFO - Section 1: Scraped link https://devgan.in/ipc/chapter_01.php#s1: WHEREAS it is expedient to provide a general Penal...
2025-05-11 20:06:47,868 - INFO - Section 1: 2 linked pages scraped
2025-05-11 20:06:47,868 - INFO - Completed Section 1
2025-05-11 20:06:47,868 - INFO - Scraping Section 2: https://devgan.in/ipc/section/2/
2025-05-11 20:06:54,827 - INFO - Section 2: Page structure: <!--//pagecontentopen end--><!--//search start--><div id="search"><form name="fo1" id="fo1" method="get" action="/ipc/index.php"><table class="search"><tbody><tr><td><input type="search" spellcheck="t...
2025-05-11 20:06:54,832 - INFO - Section 2: Provision text: Every person shall be liable to punishment under t...
2025-05-11 20:06:54,836 - INFO - Section 2: Explanations: IPCChapter IS. 2 Punishment of offences committed ...
2025-05-11 20:06:54,839 - INFO - Section 2: Case laws: None...
2025-05-11 20:06:54,842 - INFO - Section 2: Related sections: 2Indian
2025-05-11 20:06:54,845 - INFO - Section 2: Found 2 links: ['https://devgan.in/ipc/chapter_01.php#s2', 'https://devgan.in/ipc/chapter_01.php#s2']
2025-05-11 20:06:54,845 - INFO - Scraping link for Section 2: https://devgan.in/ipc/chapter_01.php#s2
2025-05-11 20:07:01,523 - INFO - Section 2: Scraped link https://devgan.in/ipc/chapter_01.php#s2: WHEREAS it is expedient to provide a general Penal...
2025-05-11 20:07:08,120 - INFO - Scraping link for Section 2: https://devgan.in/ipc/chapter_01.php#s2
2025-05-11 20:07:14,723 - INFO - Section 2: Scraped link https://devgan.in/ipc/chapter_01.php#s2: WHEREAS it is expedient to provide a general Penal...
2025-05-11 20:07:21,282 - INFO - Section 2: 2 linked pages scraped
2025-05-11 20:07:21,282 - INFO - Completed Section 2
2025-05-11 20:07:21,282 - INFO - Scraping Section 3: https://devgan.in/ipc/section/3/
2025-05-11 20:07:27,894 - INFO - Section 3: Page structure: <!--//pagecontentopen end--><!--//search start--><div id="search"><form name="fo1" id="fo1" method="get" action="/ipc/index.php"><table class="search"><tbody><tr><td><input type="search" spellcheck="t...
2025-05-11 20:07:27,897 - INFO - Section 3: Provision text: Any person liable, by any Indian law, to be tried ...
2025-05-11 20:07:27,900 - INFO - Section 3: Explanations: IPCChapter IS. 3 Punishment of offences committed ...
2025-05-11 20:07:27,903 - INFO - Section 3: Case laws: None...
2025-05-11 20:07:27,905 - INFO - Section 3: Related sections: 3Indian
2025-05-11 20:07:27,909 - INFO - Section 3: Found 2 links: ['https://devgan.in/ipc/chapter_01.php#s3', 'https://devgan.in/ipc/chapter_01.php#s3']
2025-05-11 20:07:27,909 - INFO - Scraping link for Section 3: https://devgan.in/ipc/chapter_01.php#s3
2025-05-11 20:07:34,265 - INFO - Section 3: Scraped link https://devgan.in/ipc/chapter_01.php#s3: WHEREAS it is expedient to provide a general Penal...
2025-05-11 20:07:41,315 - INFO - Scraping link for Section 3: https://devgan.in/ipc/chapter_01.php#s3
2025-05-11 20:07:47,869 - INFO - Section 3: Scraped link https://devgan.in/ipc/chapter_01.php#s3: WHEREAS it is expedient to provide a general Penal...
2025-05-11 20:07:55,030 - INFO - Section 3: 2 linked pages scraped
2025-05-11 20:07:55,031 - INFO - Completed Section 3
2025-05-11 20:07:55,031 - INFO - Scraping Section 4: https://devgan.in/ipc/section/4/
2025-05-11 20:08:01,707 - INFO - Section 4: Page structure: <!--//pagecontentopen end--><!--//search start--><div id="search"><form name="fo1" id="fo1" method="get" action="/ipc/index.php"><table class="search"><tbody><tr><td><input type="search" spellcheck="t...
2025-05-11 20:08:01,711 - INFO - Section 4: Provision text: The provisions of this Code apply also to any offe...
2025-05-11 20:08:01,713 - INFO - Section 4: Explanations: IPCChapter IS. 4 Extension of Code to extra-territ...
2025-05-11 20:08:01,715 - INFO - Section 4: Case laws: None...
2025-05-11 20:08:01,717 - INFO - Section 4: Related sections: 4Indian
2025-05-11 20:08:01,720 - INFO - Section 4: Found 3 links: ['https://devgan.in/ipc/chapter_01.php#s4', 'https://devgan.in/ipc/chapter_01.php#s4', 'https://devgan.in/ipc/chapter_01.php#s4']
2025-05-11 20:08:01,720 - INFO - Scraping link for Section 4: https://devgan.in/ipc/chapter_01.php#s4
2025-05-11 20:08:08,376 - INFO - Section 4: Scraped link https://devgan.in/ipc/chapter_01.php#s4: WHEREAS it is expedient to provide a general Penal...
2025-05-11 20:08:15,026 - INFO - Scraping link for Section 4: https://devgan.in/ipc/chapter_01.php#s4
2025-05-11 20:08:21,657 - INFO - Section 4: Scraped link https://devgan.in/ipc/chapter_01.php#s4: WHEREAS it is expedient to provide a general Penal...
2025-05-11 20:08:28,811 - INFO - Scraping link for Section 4: https://devgan.in/ipc/chapter_01.php#s4
2025-05-11 20:08:35,389 - INFO - Section 4: Scraped link https://devgan.in/ipc/chapter_01.php#s4: WHEREAS it is expedient to provide a general Penal...
2025-05-11 20:08:42,441 - INFO - Section 4: 3 linked pages scraped
2025-05-11 20:08:42,442 - INFO - Completed Section 4
2025-05-11 20:08:42,442 - INFO - Scraping Section 5: https://devgan.in/ipc/section/5/
2025-05-11 20:08:49,133 - INFO - Section 5: Page structure: <!--//pagecontentopen end--><!--//search start--><div id="search"><form name="fo1" id="fo1" method="get" action="/ipc/index.php"><table class="search"><tbody><tr><td><input type="search" spellcheck="t...
2025-05-11 20:08:49,135 - INFO - Section 5: Provision text: Nothing in this Act shall affect the provisions of...
2025-05-11 20:08:49,138 - INFO - Section 5: Explanations: IPCChapter IS. 5 Certain laws not to be affected b...
2025-05-11 20:08:49,140 - INFO - Section 5: Case laws: None...
2025-05-11 20:08:49,142 - INFO - Section 5: Related sections: 5Indian
2025-05-11 20:08:49,144 - INFO - Section 5: Found 2 links: ['https://devgan.in/ipc/chapter_01.php#s5', 'https://devgan.in/ipc/chapter_01.php#s5']
2025-05-11 20:08:49,144 - INFO - Scraping link for Section 5: https://devgan.in/ipc/chapter_01.php#s5
2025-05-11 20:08:55,763 - INFO - Section 5: Scraped link https://devgan.in/ipc/chapter_01.php#s5: WHEREAS it is expedient to provide a general Penal...
2025-05-11 20:09:02,232 - INFO - Scraping link for Section 5: https://devgan.in/ipc/chapter_01.php#s5
2025-05-11 20:09:08,985 - INFO - Section 5: Scraped link https://devgan.in/ipc/chapter_01.php#s5: WHEREAS it is expedient to provide a general Penal...
2025-05-11 20:09:15,426 - INFO - Section 5: 2 linked pages scraped
2025-05-11 20:09:15,426 - INFO - Completed Section 5
2025-05-11 20:09:15,426 - INFO - Scraping Section 6: https://devgan.in/ipc/section/6/
2025-05-11 20:09:22,022 - INFO - Section 6: Page structure: <!--//pagecontentopen end--><!--//search start--><div id="search"><form name="fo1" id="fo1" method="get" action="/ipc/index.php"><table class="search"><tbody><tr><td><input type="search" spellcheck="t...
2025-05-11 20:09:22,026 - INFO - Section 6: Provision text: Throughout this Code every definition of an Offenc...
2025-05-11 20:09:22,028 - INFO - Section 6: Explanations: IPCChapter IIS. 6 Definitions in the Code to be un...
2025-05-11 20:09:22,029 - INFO - Section 6: Case laws: None...
2025-05-11 20:09:22,030 - INFO - Section 6: Related sections: 6Indian
2025-05-11 20:09:22,032 - INFO - Section 6: Found 3 links: ['https://devgan.in/ipc/chapter_02.php#s6', 'https://devgan.in/ipc/chapter_02.php#s6', 'https://devgan.in/ipc/chapter_02.php#s6']
2025-05-11 20:09:22,032 - INFO - Scraping link for Section 6: https://devgan.in/ipc/chapter_02.php#s6
2025-05-11 20:09:28,615 - INFO - Section 6: Scraped link https://devgan.in/ipc/chapter_02.php#s6: Throughout this Code every definition of an offenc...
2025-05-11 20:09:34,985 - INFO - Scraping link for Section 6: https://devgan.in/ipc/chapter_02.php#s6
2025-05-11 20:09:41,603 - INFO - Section 6: Scraped link https://devgan.in/ipc/chapter_02.php#s6: Throughout this Code every definition of an offenc...
2025-05-11 20:09:48,193 - INFO - Scraping link for Section 6: https://devgan.in/ipc/chapter_02.php#s6
2025-05-11 20:09:54,998 - INFO - Section 6: Scraped link https://devgan.in/ipc/chapter_02.php#s6: Throughout this Code every definition of an offenc...
2025-05-11 20:10:01,630 - INFO - Section 6: 3 linked pages scraped
2025-05-11 20:10:01,630 - INFO - Completed Section 6
2025-05-11 20:10:01,630 - INFO - Scraping Section 7: https://devgan.in/ipc/section/7/
2025-05-11 20:10:08,061 - INFO - Section 7: Page structure: <!--//pagecontentopen end--><!--//search start--><div id="search"><form name="fo1" id="fo1" method="get" action="/ipc/index.php"><table class="search"><tbody><tr><td><input type="search" spellcheck="t...
2025-05-11 20:10:08,063 - INFO - Section 7: Provision text: Every expression which is explained in any part of...
2025-05-11 20:10:08,065 - INFO - Section 7: Explanations: IPCChapter IIS. 7 Sense of expression once explain...
2025-05-11 20:10:08,067 - INFO - Section 7: Case laws: None...
2025-05-11 20:10:08,071 - INFO - Section 7: Related sections: 7Indian
2025-05-11 20:10:08,074 - INFO - Section 7: Found 2 links: ['https://devgan.in/ipc/chapter_02.php#s7', 'https://devgan.in/ipc/chapter_02.php#s7']
2025-05-11 20:10:08,074 - INFO - Scraping link for Section 7: https://devgan.in/ipc/chapter_02.php#s7
2025-05-11 20:10:14,739 - INFO - Section 7: Scraped link https://devgan.in/ipc/chapter_02.php#s7: Throughout this Code every definition of an offenc...
2025-05-11 20:10:21,142 - INFO - Scraping link for Section 7: https://devgan.in/ipc/chapter_02.php#s7
2025-05-11 20:10:27,717 - INFO - Section 7: Scraped link https://devgan.in/ipc/chapter_02.php#s7: Throughout this Code every definition of an offenc...
2025-05-11 20:10:34,121 - INFO - Section 7: 2 linked pages scraped
2025-05-11 20:10:34,121 - INFO - Completed Section 7
2025-05-11 20:10:34,121 - INFO - Scraping Section 8: https://devgan.in/ipc/section/8/
2025-05-11 20:10:40,552 - INFO - Section 8: Page structure: <!--//pagecontentopen end--><!--//search start--><div id="search"><form name="fo1" id="fo1" method="get" action="/ipc/index.php"><table class="search"><tbody><tr><td><input type="search" spellcheck="t...
2025-05-11 20:10:40,555 - INFO - Section 8: Provision text: The pronoun “he” and its derivatives are used for ...
2025-05-11 20:10:40,556 - INFO - Section 8: Explanations: IPCChapter IIS. 8 GenderDescriptionThe pronoun “he...
2025-05-11 20:10:40,558 - INFO - Section 8: Case laws: None...
2025-05-11 20:10:40,560 - INFO - Section 8: Related sections: 8Indian
2025-05-11 20:10:40,562 - INFO - Section 8: Found 2 links: ['https://devgan.in/ipc/chapter_02.php#s8', 'https://devgan.in/ipc/chapter_02.php#s8']
2025-05-11 20:10:40,562 - INFO - Scraping link for Section 8: https://devgan.in/ipc/chapter_02.php#s8
2025-05-11 20:10:47,139 - INFO - Section 8: Scraped link https://devgan.in/ipc/chapter_02.php#s8: Throughout this Code every definition of an offenc...
2025-05-11 20:10:54,101 - INFO - Scraping link for Section 8: https://devgan.in/ipc/chapter_02.php#s8
2025-05-11 20:11:00,691 - INFO - Section 8: Scraped link https://devgan.in/ipc/chapter_02.php#s8: Throughout this Code every definition of an offenc...
2025-05-11 20:11:07,395 - INFO - Section 8: 2 linked pages scraped
2025-05-11 20:11:07,397 - INFO - Completed Section 8
2025-05-11 20:11:07,398 - INFO - Scraping Section 9: https://devgan.in/ipc/section/9/
2025-05-11 20:11:13,999 - INFO - Section 9: Page structure: <!--//pagecontentopen end--><!--//search start--><div id="search"><form name="fo1" id="fo1" method="get" action="/ipc/index.php"><table class="search"><tbody><tr><td><input type="search" spellcheck="t...
2025-05-11 20:11:14,003 - INFO - Section 9: Provision text: Unless the contrary appears from the context, word...
2025-05-11 20:11:14,006 - INFO - Section 9: Explanations: IPCChapter IIS. 9 NumberDescriptionUnless the cont...
2025-05-11 20:11:14,008 - INFO - Section 9: Case laws: None...
2025-05-11 20:11:14,010 - INFO - Section 9: Related sections: 9Indian
2025-05-11 20:11:14,013 - INFO - Section 9: Found 2 links: ['https://devgan.in/ipc/chapter_02.php#s9', 'https://devgan.in/ipc/chapter_02.php#s9']
2025-05-11 20:11:14,013 - INFO - Scraping link for Section 9: https://devgan.in/ipc/chapter_02.php#s9
2025-05-11 20:11:20,957 - INFO - Section 9: Scraped link https://devgan.in/ipc/chapter_02.php#s9: Throughout this Code every definition of an offenc...
2025-05-11 20:11:27,311 - INFO - Scraping link for Section 9: https://devgan.in/ipc/chapter_02.php#s9
2025-05-11 20:11:33,679 - INFO - Section 9: Scraped link https://devgan.in/ipc/chapter_02.php#s9: Throughout this Code every definition of an offenc...
2025-05-11 20:11:40,034 - INFO - Section 9: 2 linked pages scraped
2025-05-11 20:11:40,035 - INFO - Completed Section 9
2025-05-11 20:11:40,035 - INFO - Scraping Section 10: https://devgan.in/ipc/section/10/
2025-05-11 20:11:46,406 - INFO - Section 10: Page structure: <!--//pagecontentopen end--><!--//search start--><div id="search"><form name="fo1" id="fo1" method="get" action="/ipc/index.php"><table class="search"><tbody><tr><td><input type="search" spellcheck="t...
2025-05-11 20:11:46,412 - INFO - Section 10: Provision text: The word “man” denotes a male human being of any a...
2025-05-11 20:11:46,415 - INFO - Section 10: Explanations: IPCChapter IIS. 10 "Man" "Woman"DescriptionThe wor...
2025-05-11 20:11:46,417 - INFO - Section 10: Case laws: None...
2025-05-11 20:11:46,420 - INFO - Section 10: Related sections: 10Indian
2025-05-11 20:11:46,421 - INFO - Section 10: Found 2 links: ['https://devgan.in/ipc/chapter_02.php#s10', 'https://devgan.in/ipc/chapter_02.php#s10']
2025-05-11 20:11:46,422 - INFO - Scraping link for Section 10: https://devgan.in/ipc/chapter_02.php#s10
2025-05-11 20:11:52,763 - INFO - Section 10: Scraped link https://devgan.in/ipc/chapter_02.php#s10: Throughout this Code every definition of an offenc...
2025-05-11 20:11:59,119 - INFO - Scraping link for Section 10: https://devgan.in/ipc/chapter_02.php#s10
2025-05-11 20:12:05,484 - INFO - Section 10: Scraped link https://devgan.in/ipc/chapter_02.php#s10: Throughout this Code every definition of an offenc...
2025-05-11 20:12:11,843 - INFO - Section 10: 2 linked pages scraped
2025-05-11 20:12:11,844 - INFO - Completed Section 10
2025-05-11 20:12:11,850 - INFO - Data saved to ipc_sections_partial_10.csv
2025-05-11 20:12:11,850 - INFO - Scraping Section 11: https://devgan.in/ipc/section/11/
2025-05-11 20:12:18,226 - INFO - Section 11: Page structure: <!--//pagecontentopen end--><!--//search start--><div id="search"><form name="fo1" id="fo1" method="get" action="/ipc/index.php"><table class="search"><tbody><tr><td><input type="search" spellcheck="t...
2025-05-11 20:12:18,237 - INFO - Section 11: Provision text: The word “person” includes any Company or Associat...
2025-05-11 20:12:18,239 - INFO - Section 11: Explanations: IPCChapter IIS. 11 "Person"DescriptionThe word “pe...
2025-05-11 20:12:18,241 - INFO - Section 11: Case laws: None...
2025-05-11 20:12:18,245 - INFO - Section 11: Related sections: 11Indian
2025-05-11 20:12:18,253 - INFO - Section 11: Found 2 links: ['https://devgan.in/ipc/chapter_02.php#s11', 'https://devgan.in/ipc/chapter_02.php#s11']
2025-05-11 20:12:18,253 - INFO - Scraping link for Section 11: https://devgan.in/ipc/chapter_02.php#s11
2025-05-11 20:12:24,678 - INFO - Section 11: Scraped link https://devgan.in/ipc/chapter_02.php#s11: Throughout this Code every definition of an offenc...
