2025-05-11 20:12:43,343 - INFO - Starting IPC Section Scraper
2025-05-11 20:12:45,708 - INFO - Scraping Section 1: https://devgan.in/ipc/section/1/
2025-05-11 20:12:53,734 - INFO - Section 1: Page structure: <!--//pagecontentopen end--><!--//search start--><div id="search"><form name="fo1" id="fo1" method="get" action="/ipc/index.php"><table class="search"><tbody><tr><td><input type="search" spellcheck="t...
2025-05-11 20:12:53,738 - INFO - Section 1: Provision text: Whereas it is expedient to provide a general Penal...
2025-05-11 20:12:53,743 - INFO - Section 1: Explanations: Whereas it is expedient to provide a general Penal...
2025-05-11 20:12:53,745 - INFO - Section 1: Case laws: None...
2025-05-11 20:12:53,747 - INFO - Section 1: Related sections: None
2025-05-11 20:12:53,750 - INFO - Section 1: Found 0 links: []
2025-05-11 20:12:53,750 - INFO - Section 1: 0 linked pages scraped
2025-05-11 20:12:54,374 - INFO - Section 1: Screenshot saved to failed_section_1.png
2025-05-11 20:12:54,374 - INFO - Completed Section 1
2025-05-11 20:12:54,374 - INFO - Scraping Section 2: https://devgan.in/ipc/section/2/
2025-05-11 20:13:00,962 - INFO - Section 2: Page structure: <!--//pagecontentopen end--><!--//search start--><div id="search"><form name="fo1" id="fo1" method="get" action="/ipc/index.php"><table class="search"><tbody><tr><td><input type="search" spellcheck="t...
2025-05-11 20:13:00,965 - INFO - Section 2: Provision text: Every person shall be liable to punishment under t...
2025-05-11 20:13:00,969 - INFO - Section 2: Explanations: Every person shall be liable to punishment under t...
2025-05-11 20:13:00,971 - INFO - Section 2: Case laws: None...
2025-05-11 20:13:00,974 - INFO - Section 2: Related sections: None
2025-05-11 20:13:00,976 - INFO - Section 2: Found 0 links: []
2025-05-11 20:13:00,976 - INFO - Section 2: 0 linked pages scraped
2025-05-11 20:13:01,173 - INFO - Section 2: Screenshot saved to failed_section_2.png
2025-05-11 20:13:01,173 - INFO - Completed Section 2
2025-05-11 20:13:01,173 - INFO - Scraping Section 3: https://devgan.in/ipc/section/3/
2025-05-11 20:13:07,542 - INFO - Section 3: Page structure: <!--//pagecontentopen end--><!--//search start--><div id="search"><form name="fo1" id="fo1" method="get" action="/ipc/index.php"><table class="search"><tbody><tr><td><input type="search" spellcheck="t...
2025-05-11 20:13:07,545 - INFO - Section 3: Provision text: Any person liable, by any Indian law, to be tried ...
2025-05-11 20:13:07,548 - INFO - Section 3: Explanations: Any person liable, by any Indian law, to be tried ...
2025-05-11 20:13:07,552 - INFO - Section 3: Case laws: None...
2025-05-11 20:13:07,554 - INFO - Section 3: Related sections: None
2025-05-11 20:13:07,557 - INFO - Section 3: Found 0 links: []
2025-05-11 20:13:07,557 - INFO - Section 3: 0 linked pages scraped
2025-05-11 20:13:07,633 - INFO - Section 3: Screenshot saved to failed_section_3.png
2025-05-11 20:13:07,634 - INFO - Completed Section 3
2025-05-11 20:13:07,634 - INFO - Scraping Section 4: https://devgan.in/ipc/section/4/
2025-05-11 20:13:14,018 - INFO - Section 4: Page structure: <!--//pagecontentopen end--><!--//search start--><div id="search"><form name="fo1" id="fo1" method="get" action="/ipc/index.php"><table class="search"><tbody><tr><td><input type="search" spellcheck="t...
2025-05-11 20:13:14,021 - INFO - Section 4: Provision text: The provisions of this Code apply also to any offe...
2025-05-11 20:13:14,024 - INFO - Section 4: Explanations: The provisions of this Code apply also to any offe...
2025-05-11 20:13:14,026 - INFO - Section 4: Case laws: None...
2025-05-11 20:13:14,028 - INFO - Section 4: Related sections: None
2025-05-11 20:13:14,031 - INFO - Section 4: Found 0 links: []
2025-05-11 20:13:14,031 - INFO - Section 4: 0 linked pages scraped
2025-05-11 20:13:14,097 - INFO - Section 4: Screenshot saved to failed_section_4.png
2025-05-11 20:13:14,097 - INFO - Completed Section 4
2025-05-11 20:13:14,097 - INFO - Scraping Section 5: https://devgan.in/ipc/section/5/
2025-05-11 20:13:20,477 - INFO - Section 5: Page structure: <!--//pagecontentopen end--><!--//search start--><div id="search"><form name="fo1" id="fo1" method="get" action="/ipc/index.php"><table class="search"><tbody><tr><td><input type="search" spellcheck="t...
2025-05-11 20:13:20,479 - INFO - Section 5: Provision text: Nothing in this Act shall affect the provisions of...
2025-05-11 20:13:20,480 - INFO - Section 5: Explanations: None...
2025-05-11 20:13:20,481 - INFO - Section 5: Case laws: Nothing in this Act shall affect the provisions of...
2025-05-11 20:13:20,482 - INFO - Section 5: Related sections: None
2025-05-11 20:13:20,483 - INFO - Section 5: Found 0 links: []
2025-05-11 20:13:20,483 - INFO - Section 5: 0 linked pages scraped
2025-05-11 20:13:20,483 - INFO - Completed Section 5
2025-05-11 20:13:20,483 - INFO - Scraping Section 6: https://devgan.in/ipc/section/6/
2025-05-11 20:13:26,830 - INFO - Section 6: Page structure: <!--//pagecontentopen end--><!--//search start--><div id="search"><form name="fo1" id="fo1" method="get" action="/ipc/index.php"><table class="search"><tbody><tr><td><input type="search" spellcheck="t...
2025-05-11 20:13:26,836 - INFO - Section 6: Provision text: Throughout this Code every definition of an Offenc...
2025-05-11 20:13:26,838 - INFO - Section 6: Explanations: Throughout this Code every definition of an Offenc...
2025-05-11 20:13:26,840 - INFO - Section 6: Case laws: None...
2025-05-11 20:13:26,843 - INFO - Section 6: Related sections: None
2025-05-11 20:13:26,844 - INFO - Section 6: Found 0 links: []
2025-05-11 20:13:26,844 - INFO - Section 6: 0 linked pages scraped
2025-05-11 20:13:26,927 - INFO - Section 6: Screenshot saved to failed_section_6.png
2025-05-11 20:13:26,927 - INFO - Completed Section 6
2025-05-11 20:13:26,927 - INFO - Scraping Section 7: https://devgan.in/ipc/section/7/
2025-05-11 20:13:33,276 - INFO - Section 7: Page structure: <!--//pagecontentopen end--><!--//search start--><div id="search"><form name="fo1" id="fo1" method="get" action="/ipc/index.php"><table class="search"><tbody><tr><td><input type="search" spellcheck="t...
2025-05-11 20:13:33,280 - INFO - Section 7: Provision text: Every expression which is explained in any part of...
2025-05-11 20:13:33,283 - INFO - Section 7: Explanations: Every expression which is explained in any part of...
2025-05-11 20:13:33,285 - INFO - Section 7: Case laws: None...
2025-05-11 20:13:33,287 - INFO - Section 7: Related sections: None
2025-05-11 20:13:33,288 - INFO - Section 7: Found 0 links: []
2025-05-11 20:13:33,288 - INFO - Section 7: 0 linked pages scraped
2025-05-11 20:13:33,365 - INFO - Section 7: Screenshot saved to failed_section_7.png
2025-05-11 20:13:33,365 - INFO - Completed Section 7
2025-05-11 20:13:33,365 - INFO - Scraping Section 8: https://devgan.in/ipc/section/8/
2025-05-11 20:13:39,747 - INFO - Section 8: Page structure: <!--//pagecontentopen end--><!--//search start--><div id="search"><form name="fo1" id="fo1" method="get" action="/ipc/index.php"><table class="search"><tbody><tr><td><input type="search" spellcheck="t...
2025-05-11 20:13:39,750 - INFO - Section 8: Provision text: The pronoun “he” and its derivatives are used for ...
2025-05-11 20:13:39,754 - INFO - Section 8: Explanations: The pronoun “he” and its derivatives are used for ...
2025-05-11 20:13:39,755 - INFO - Section 8: Case laws: None...
2025-05-11 20:13:39,758 - INFO - Section 8: Related sections: None
2025-05-11 20:13:39,760 - INFO - Section 8: Found 0 links: []
2025-05-11 20:13:39,760 - INFO - Section 8: 0 linked pages scraped
2025-05-11 20:13:39,829 - INFO - Section 8: Screenshot saved to failed_section_8.png
2025-05-11 20:13:39,829 - INFO - Completed Section 8
2025-05-11 20:13:39,829 - INFO - Scraping Section 9: https://devgan.in/ipc/section/9/
2025-05-11 20:13:46,192 - INFO - Section 9: Page structure: <!--//pagecontentopen end--><!--//search start--><div id="search"><form name="fo1" id="fo1" method="get" action="/ipc/index.php"><table class="search"><tbody><tr><td><input type="search" spellcheck="t...
2025-05-11 20:13:46,195 - INFO - Section 9: Provision text: Unless the contrary appears from the context, word...
2025-05-11 20:13:46,197 - INFO - Section 9: Explanations: Unless the contrary appears from the context, word...
2025-05-11 20:13:46,200 - INFO - Section 9: Case laws: None...
2025-05-11 20:13:46,201 - INFO - Section 9: Related sections: None
2025-05-11 20:13:46,203 - INFO - Section 9: Found 0 links: []
2025-05-11 20:13:46,203 - INFO - Section 9: 0 linked pages scraped
2025-05-11 20:13:46,284 - INFO - Section 9: Screenshot saved to failed_section_9.png
2025-05-11 20:13:46,284 - INFO - Completed Section 9
2025-05-11 20:13:46,284 - INFO - Scraping Section 10: https://devgan.in/ipc/section/10/
2025-05-11 20:13:52,625 - INFO - Section 10: Page structure: <!--//pagecontentopen end--><!--//search start--><div id="search"><form name="fo1" id="fo1" method="get" action="/ipc/index.php"><table class="search"><tbody><tr><td><input type="search" spellcheck="t...
2025-05-11 20:13:52,626 - INFO - Section 10: Provision text: The word “man” denotes a male human being of any a...
2025-05-11 20:13:52,629 - INFO - Section 10: Explanations: The word “man” denotes a male human being of any a...
2025-05-11 20:13:52,630 - INFO - Section 10: Case laws: None...
2025-05-11 20:13:52,631 - INFO - Section 10: Related sections: None
2025-05-11 20:13:52,632 - INFO - Section 10: Found 0 links: []
2025-05-11 20:13:52,632 - INFO - Section 10: 0 linked pages scraped
2025-05-11 20:13:52,694 - INFO - Section 10: Screenshot saved to failed_section_10.png
2025-05-11 20:13:52,694 - INFO - Completed Section 10
2025-05-11 20:13:52,696 - INFO - Data saved to ipc_sections_partial_10.csv
2025-05-11 20:13:52,913 - INFO - Data saved to ipc_sections.csv
2025-05-11 20:13:52,913 - INFO - Scraper completed
